
2018-05-16 10:33:30,882 INFO Let's go slepping for a while
2018-05-16 10:36:51,402 INFO Follow author :  @ReineInconteste
2018-05-16 10:36:51,753 INFO Follow author :  @AnthonySpault
2018-05-16 10:36:52,137 INFO Follow user : @AnthonySpault
2018-05-16 10:36:52,818 ERROR b"[{'message': 'Tweet needs to be a bit shorter.', 'code': 186}]"
2018-05-16 10:36:53,232 INFO Follow author :  @rueducommerce
2018-05-16 10:36:53,462 ERROR b"[{'message': 'You have already retweeted this Tweet.', 'code': 327}]"
2018-05-16 10:36:53,688 ERROR b"[{'message': 'Tweet needs to be a bit shorter.', 'code': 186}]"
2018-05-16 10:36:54,072 INFO Follow author :  @prizee_officiel
2018-05-16 10:36:54,428 INFO Follow user : @prizee_officiel
2018-05-16 10:36:54,665 ERROR b"[{'message': 'You have already retweeted this Tweet.', 'code': 327}]"
2018-05-16 10:36:54,902 ERROR b"[{'message': 'You have already retweeted this Tweet.', 'code': 327}]"
2018-05-16 10:36:55,138 ERROR b"[{'message': 'You have already retweeted this Tweet.', 'code': 327}]"
2018-05-16 10:36:55,494 INFO Tweet random stuff
2018-05-16 10:36:55,820 INFO Tweet random stuff
2018-05-16 10:36:56,201 INFO Tweet random stuff
2018-05-16 10:36:56,642 INFO Tweet random stuff
2018-05-16 10:36:57,049 INFO Follow author :  @XboxSquadFr
2018-05-16 10:36:57,434 INFO Follow user : @XboxSquadFr
2018-05-16 10:36:57,659 ERROR b"[{'message': 'You have already retweeted this Tweet.', 'code': 327}]"
2018-05-16 10:36:58,105 INFO Follow author :  @kijooki
2018-05-16 10:36:58,335 ERROR b"[{'message': 'Cannot find specified user.', 'code': 108}]"
2018-05-16 10:36:58,718 INFO Tweet random stuff
2018-05-16 10:36:59,206 INFO Follow author :  @WarBaeFr
2018-05-16 10:36:59,595 INFO Follow user : @WarBaeFr
2018-05-16 10:36:59,980 INFO Follow user : @AwesomeGamesStd
2018-05-16 10:37:00,219 ERROR b"[{'message': 'You have already retweeted this Tweet.', 'code': 327}]"
2018-05-16 10:37:00,457 ERROR b"[{'message': 'Status is a duplicate.', 'code': 187}]"
2018-05-16 10:37:00,829 INFO Follow author :  @OnlyGones
2018-05-16 10:37:01,183 INFO Follow user : @OL
2018-05-16 10:37:01,755 INFO Follow user : @OGCNice
2018-05-16 10:37:02,754 INFO Follow user : @OL
2018-05-16 10:37:03,154 INFO Follow user : @OnlyGones
2018-05-16 10:37:03,581 INFO Follow user : @HayronSJ
2018-05-16 10:37:03,984 INFO Follow user : @adidasFR
2018-05-16 10:37:04,379 INFO Follow author :  @WarBaeFr
2018-05-16 10:37:04,705 INFO Follow user : @WarBaeFr
2018-05-16 10:37:05,099 INFO Follow user : @AwesomeGamesStd
2018-05-16 10:37:05,462 INFO Follow author :  @Jardiland
2018-05-16 10:37:05,686 ERROR b"[{'message': 'You have already retweeted this Tweet.', 'code': 327}]"
2018-05-16 10:37:06,049 INFO Tweet random stuff
2018-05-16 10:37:06,499 INFO Follow author :  @Jardiland
2018-05-16 10:37:06,867 INFO Tweet random stuff
2018-05-16 10:37:07,098 ERROR b"[{'message': 'Tweet needs to be a bit shorter.', 'code': 186}]"
2018-05-16 10:37:07,469 INFO Tweet random stuff
2018-05-16 10:37:07,852 INFO Follow author :  @prizee_officiel
2018-05-16 10:37:08,224 INFO Follow user : @prizee_officiel
2018-05-16 10:37:08,590 INFO Tweet random stuff
2018-05-16 10:37:08,804 ERROR b"[{'message': 'Status is a duplicate.', 'code': 187}]"
2018-05-16 10:37:09,151 INFO Tweet random stuff
2018-05-16 10:37:09,566 INFO Follow author :  @Chris_Stup
2018-05-16 10:37:09,814 ERROR b"[{'message': 'Status is a duplicate.', 'code': 187}]"
2018-05-16 10:37:10,127 INFO Tweet random stuff
2018-05-16 10:37:10,471 INFO Tweet random stuff
2018-05-16 10:37:10,702 ERROR b"[{'message': 'You have already retweeted this Tweet.', 'code': 327}]"
2018-05-16 10:37:10,937 ERROR b"[{'message': 'Status is a duplicate.', 'code': 187}]"
2018-05-16 10:37:11,207 ERROR b"[{'message': 'You have already retweeted this Tweet.', 'code': 327}]"
2018-05-16 10:37:11,628 INFO Follow author :  @XboxSquadFr
2018-05-16 10:37:12,026 INFO Follow user : @XboxSquadFr
2018-05-16 10:37:12,278 ERROR b"[{'message': 'You have already retweeted this Tweet.', 'code': 327}]"
2018-05-16 10:37:12,618 INFO Follow author :  @AnthonySpault
2018-05-16 10:37:12,972 INFO Follow user : @AnthonySpault
2018-05-16 10:37:13,357 INFO Tweet random stuff
2018-05-16 10:37:13,627 ERROR b"[{'message': 'You have already retweeted this Tweet.', 'code': 327}]"
2018-05-16 10:37:13,863 ERROR b"[{'message': 'You have already retweeted this Tweet.', 'code': 327}]"
2018-05-16 10:37:14,319 INFO Follow author :  @Pxl_Adventurers
2018-05-16 10:37:14,703 INFO Follow user : @playasia
2018-05-16 10:37:15,184 INFO Follow user : @Pxl_Adventurers
2018-05-16 10:37:15,417 ERROR b"[{'message': 'Tweet needs to be a bit shorter.', 'code': 186}]"
2018-05-16 10:37:15,804 INFO Tweet random stuff
2018-05-16 10:37:16,296 INFO Follow author :  @Jardiland
2018-05-16 10:37:16,698 INFO Follow author :  @BiovivaEditions
2018-05-16 10:37:17,149 INFO Follow user : @BiovivaEditions
2018-05-16 10:37:17,556 INFO Follow author :  @Chris_Stup
2018-05-16 10:37:17,898 INFO Tweet random stuff
2018-05-16 10:37:18,136 ERROR b"[{'message': 'Tweet needs to be a bit shorter.', 'code': 186}]"
2018-05-16 10:37:18,491 INFO Follow author :  @AvyrsXD
2018-05-16 10:37:18,868 INFO Follow user : @AvyrsXD
2018-05-16 10:37:19,087 ERROR b"[{'message': 'Tweet needs to be a bit shorter.', 'code': 186}]"
2018-05-16 10:37:19,494 INFO Tweet random stuff
2018-05-16 10:37:19,729 ERROR b"[{'message': 'You have already retweeted this Tweet.', 'code': 327}]"
2018-05-16 10:37:20,126 ERROR b"[{'message': 'You have already retweeted this Tweet.', 'code': 327}]"
2018-05-16 10:37:20,503 INFO Tweet random stuff
2018-05-16 10:37:20,748 ERROR b"[{'message': 'You have already retweeted this Tweet.', 'code': 327}]"
2018-05-16 10:37:20,992 ERROR b"[{'message': 'You have already retweeted this Tweet.', 'code': 327}]"
2018-05-16 10:37:21,217 ERROR b"[{'message': 'You have already retweeted this Tweet.', 'code': 327}]"
2018-05-16 10:37:21,623 INFO Follow author :  @TeamJavras
2018-05-16 10:37:21,841 ERROR b"[{'message': 'Status is a duplicate.', 'code': 187}]"
2018-05-16 10:37:22,079 ERROR b"[{'message': 'You have already retweeted this Tweet.', 'code': 327}]"
2018-05-16 10:37:22,448 INFO Follow author :  @WarBaeFr
2018-05-16 10:37:22,822 INFO Follow user : @WarBaeFr
2018-05-16 10:37:23,214 INFO Follow user : @AwesomeGamesStd
2018-05-16 10:37:23,458 ERROR b"[{'message': 'Status is a duplicate.', 'code': 187}]"
2018-05-16 10:37:23,703 ERROR b"[{'message': 'You have already retweeted this Tweet.', 'code': 327}]"
2018-05-16 10:37:24,104 INFO Follow author :  @prizee_officiel
2018-05-16 10:37:24,463 INFO Follow user : @prizee_officiel
2018-05-16 10:37:24,697 ERROR b"[{'message': 'You have already retweeted this Tweet.', 'code': 327}]"
2018-05-16 10:37:25,064 INFO Tweet random stuff
2018-05-16 10:37:25,288 ERROR b"[{'message': 'Status is a duplicate.', 'code': 187}]"
2018-05-16 10:37:25,639 INFO Follow author :  @PrintOClock
2018-05-16 10:37:26,106 INFO Follow user : @PrintOClock
2018-05-16 10:37:26,351 ERROR b"[{'message': 'You have already retweeted this Tweet.', 'code': 327}]"
2018-05-16 10:37:26,739 INFO Follow author :  @GeeksByGirls
2018-05-16 10:37:27,259 INFO Follow user : @GeeksByGirls
2018-05-16 10:37:27,588 INFO Follow user : @AstraLifeServ
2018-05-16 10:37:27,846 ERROR b"[{'message': 'You have already retweeted this Tweet.', 'code': 327}]"
2018-05-16 10:37:28,079 ERROR b"[{'message': 'You have already retweeted this Tweet.', 'code': 327}]"
2018-05-16 10:37:28,334 ERROR b"[{'message': 'You have already retweeted this Tweet.', 'code': 327}]"
2018-05-16 10:37:28,664 INFO Tweet random stuff
2018-05-16 10:37:28,992 INFO Tweet random stuff
2018-05-16 10:37:29,340 INFO Tweet random stuff
2018-05-16 10:37:29,732 INFO Tweet random stuff
2018-05-16 10:37:29,976 ERROR b"[{'message': 'Status is a duplicate.', 'code': 187}]"
2018-05-16 10:37:30,211 ERROR b"[{'message': 'You have already retweeted this Tweet.', 'code': 327}]"
2018-05-16 10:37:30,591 INFO Tweet random stuff
2018-05-16 10:37:31,108 INFO Follow author :  @QDesiGn_DG
2018-05-16 10:37:31,478 INFO Tweet random stuff
2018-05-16 10:37:31,716 ERROR b"[{'message': 'You have already retweeted this Tweet.', 'code': 327}]"
2018-05-16 10:37:31,942 ERROR b"[{'message': 'You have already retweeted this Tweet.', 'code': 327}]"
2018-05-16 10:37:32,340 INFO Tweet random stuff
2018-05-16 10:37:32,668 INFO Follow author :  @DTechfr
2018-05-16 10:37:33,132 INFO Follow user : @JabraFrance
2018-05-16 10:37:33,534 INFO Follow user : @DTechfr
2018-05-16 10:37:34,111 INFO Follow user : @JabraFrance
2018-05-16 10:37:34,347 ERROR b"[{'message': 'You have already retweeted this Tweet.', 'code': 327}]"
2018-05-16 10:37:34,589 ERROR b"[{'message': 'You have already retweeted this Tweet.', 'code': 327}]"
2018-05-16 10:37:34,981 INFO Follow author :  @MsieurMadameX
2018-05-16 10:37:35,316 INFO Follow user : @MsieurMadameX
2018-05-16 10:37:35,692 INFO Follow user : @SatisfyerCOM
2018-05-16 10:37:36,045 INFO Tweet random stuff
2018-05-16 10:37:36,478 INFO Follow author :  @LucNAROLLES
2018-05-16 10:37:37,013 INFO Tweet random stuff
2018-05-16 10:37:37,240 ERROR b"[{'message': 'You have already retweeted this Tweet.', 'code': 327}]"
2018-05-16 10:37:37,568 INFO Tweet random stuff
2018-05-16 10:37:37,900 INFO Tweet random stuff
2018-05-16 10:37:38,299 INFO Tweet random stuff
2018-05-16 10:37:38,538 ERROR b"[{'message': 'You have already retweeted this Tweet.', 'code': 327}]"
2018-05-16 10:37:38,767 ERROR b"[{'message': 'You have already retweeted this Tweet.', 'code': 327}]"
2018-05-16 10:37:39,001 ERROR b"[{'message': 'You have already retweeted this Tweet.', 'code': 327}]"
2018-05-16 10:37:39,403 INFO Follow author :  @GaumontToulouse
2018-05-16 10:37:39,830 INFO Follow user : @GaumontToulouse
2018-05-16 10:37:40,228 INFO Follow author :  @rueducommerce
2018-05-16 10:37:40,472 ERROR b"[{'message': 'You have already retweeted this Tweet.', 'code': 327}]"
2018-05-16 10:37:40,887 INFO Follow author :  @kijooki
2018-05-16 10:37:41,116 ERROR b"[{'message': 'Cannot find specified user.', 'code': 108}]"
2018-05-16 10:37:41,346 ERROR b"[{'message': 'You have already retweeted this Tweet.', 'code': 327}]"
2018-05-16 10:37:41,685 INFO Tweet random stuff
2018-05-16 10:37:42,216 INFO Tweet random stuff
2018-05-16 10:37:42,457 ERROR b"[{'message': 'You have already retweeted this Tweet.', 'code': 327}]"
2018-05-16 10:37:42,845 INFO Follow author :  @FuzeForge
2018-05-16 10:37:43,214 INFO Follow user : @FuzeForge
2018-05-16 10:37:43,470 ERROR b"[{'message': 'You have already retweeted this Tweet.', 'code': 327}]"
2018-05-16 10:37:43,708 ERROR b"[{'message': 'You have already retweeted this Tweet.', 'code': 327}]"
2018-05-16 10:37:44,144 INFO Tweet random stuff
2018-05-16 10:37:44,546 INFO Follow author :  @rueducommerce
2018-05-16 10:37:44,970 INFO Follow author :  @ClicherApp
2018-05-16 10:37:45,340 INFO Follow user : @ClicherApp
2018-05-16 10:37:45,687 INFO Follow author :  @GaumontToulouse
2018-05-16 10:37:46,040 INFO Follow user : @GaumontToulouse
2018-05-16 10:37:46,279 ERROR b"[{'message': 'Tweet needs to be a bit shorter.', 'code': 186}]"
2018-05-16 10:37:46,648 INFO Follow author :  @prizee_officiel
2018-05-16 10:37:47,010 INFO Follow user : @prizee_officiel
2018-05-16 10:37:47,357 INFO Tweet random stuff
2018-05-16 10:37:47,608 ERROR b"[{'message': 'You have already retweeted this Tweet.', 'code': 327}]"
2018-05-16 10:37:48,019 INFO Follow author :  @XboxSquadFr
2018-05-16 10:37:48,426 INFO Follow user : @XboxSquadFr
2018-05-16 10:37:48,660 ERROR b"[{'message': 'You have already retweeted this Tweet.', 'code': 327}]"
2018-05-16 10:37:49,002 INFO Tweet random stuff
2018-05-16 10:37:49,352 INFO Follow author :  @AnthonySpault
2018-05-16 10:37:49,707 INFO Follow user : @AnthonySpault
2018-05-16 10:37:50,336 INFO Follow author :  @rueducommerce
2018-05-16 10:37:50,676 INFO Tweet random stuff
2018-05-16 10:37:50,894 ERROR b"[{'message': 'You have already retweeted this Tweet.', 'code': 327}]"
2018-05-16 10:37:51,215 INFO Tweet random stuff
2018-05-16 10:37:51,436 ERROR b"[{'message': 'You have already retweeted this Tweet.', 'code': 327}]"
2018-05-16 10:37:51,654 ERROR b"[{'message': 'You have already retweeted this Tweet.', 'code': 327}]"
2018-05-16 10:37:51,899 ERROR b"[{'message': 'You have already retweeted this Tweet.', 'code': 327}]"
2018-05-16 10:37:52,306 INFO Tweet random stuff
2018-05-16 10:37:52,638 INFO Follow author :  @AnthonySpault
2018-05-16 10:37:53,004 INFO Follow user : @AnthonySpault
2018-05-16 10:37:53,230 ERROR b"[{'message': 'Status is a duplicate.', 'code': 187}]"
2018-05-16 10:37:53,560 INFO Tweet random stuff
2018-05-16 10:37:53,878 INFO Tweet random stuff
2018-05-16 10:37:54,110 ERROR b"[{'message': 'You have already retweeted this Tweet.', 'code': 327}]"
2018-05-16 10:37:54,352 ERROR b"[{'message': 'You have already retweeted this Tweet.', 'code': 327}]"
2018-05-16 10:37:54,616 ERROR b"[{'message': 'You have already retweeted this Tweet.', 'code': 327}]"
2018-05-16 10:37:55,434 INFO Follow author :  @rueducommerce
2018-05-16 10:37:55,761 INFO Tweet random stuff
2018-05-16 10:37:56,034 ERROR b"[{'message': 'You have already retweeted this Tweet.', 'code': 327}]"
2018-05-16 10:37:56,426 INFO Tweet random stuff
2018-05-16 10:37:56,793 INFO Tweet random stuff
2018-05-16 10:37:57,172 INFO Follow author :  @AnthonySpault
2018-05-16 10:37:57,651 INFO Follow user : @AnthonySpault
2018-05-16 10:37:57,870 ERROR b"[{'message': 'You have already retweeted this Tweet.', 'code': 327}]"
2018-05-16 10:37:58,250 INFO Tweet random stuff
2018-05-16 10:37:58,604 INFO Follow author :  @XboxSquadFr
2018-05-16 10:37:58,979 INFO Follow user : @XboxSquadFr
2018-05-16 10:37:59,339 INFO Follow author :  @AnthonySpault
2018-05-16 10:37:59,717 INFO Follow user : @AnthonySpault
2018-05-16 10:38:00,113 INFO Follow author :  @GaumontToulouse
2018-05-16 10:38:00,509 INFO Follow user : @GaumontToulouse
2018-05-16 10:38:00,859 INFO Tweet random stuff
2018-05-16 10:38:01,215 INFO Follow author :  @XboxSquadFr
2018-05-16 10:38:01,612 INFO Follow user : @XboxSquadFr
2018-05-16 10:38:01,992 INFO Follow author :  @XboxSquadFr
2018-05-16 10:38:02,476 INFO Follow user : @XboxSquadFr
2018-05-16 10:38:02,832 INFO Follow author :  @thom_asmr
2018-05-16 10:38:03,191 INFO Tweet random stuff
2018-05-16 10:38:03,441 ERROR b"[{'message': 'You have already retweeted this Tweet.', 'code': 327}]"
2018-05-16 10:38:03,808 INFO Follow author :  @XboxSquadFr
2018-05-16 10:38:04,217 INFO Follow user : @XboxSquadFr
2018-05-16 10:38:04,467 ERROR b"[{'message': 'Tweet needs to be a bit shorter.', 'code': 186}]"
2018-05-16 10:38:04,695 ERROR b"[{'message': 'Tweet needs to be a bit shorter.', 'code': 186}]"
2018-05-16 10:38:05,000 ERROR b"[{'message': 'Tweet needs to be a bit shorter.', 'code': 186}]"
2018-05-16 10:38:05,223 ERROR b"[{'message': 'You have already retweeted this Tweet.', 'code': 327}]"
2018-05-16 10:38:05,454 ERROR b"[{'message': 'You have already retweeted this Tweet.', 'code': 327}]"
2018-05-16 10:38:05,855 INFO Follow author :  @BiovivaEditions
2018-05-16 10:38:06,295 INFO Follow user : @BiovivaEditions
2018-05-16 10:38:06,702 INFO Follow author :  @Jardiland
2018-05-16 10:38:06,970 ERROR b"[{'message': 'You have already retweeted this Tweet.', 'code': 327}]"
2018-05-16 10:38:07,360 INFO Follow author :  @AnthonySpault
2018-05-16 10:38:07,669 INFO Follow user : @AnthonySpault
2018-05-16 10:38:08,045 INFO Follow author :  @BiovivaEditions
2018-05-16 10:38:08,446 INFO Follow user : @BiovivaEditions
2018-05-16 10:38:08,827 INFO Follow author :  @Jardiland
2018-05-16 10:38:09,183 INFO Tweet random stuff
2018-05-16 10:38:09,544 INFO Tweet random stuff
2018-05-16 10:38:09,778 ERROR b"[{'message': 'You have already retweeted this Tweet.', 'code': 327}]"
2018-05-16 10:38:10,119 INFO Tweet random stuff
2018-05-16 10:38:10,340 ERROR b"[{'message': 'You have already retweeted this Tweet.', 'code': 327}]"
2018-05-16 10:38:10,676 INFO Tweet random stuff
2018-05-16 10:38:10,900 ERROR b"[{'message': 'You have already retweeted this Tweet.', 'code': 327}]"
2018-05-16 10:38:11,270 INFO Follow author :  @BiovivaEditions
2018-05-16 10:38:11,640 INFO Follow user : @BiovivaEditions
2018-05-16 10:38:12,082 INFO Tweet random stuff
2018-05-16 10:38:12,509 INFO Follow author :  @BiovivaEditions
2018-05-16 10:38:12,919 INFO Follow user : @BiovivaEditions
2018-05-16 10:38:13,317 INFO Follow author :  @kijooki
2018-05-16 10:38:13,539 ERROR b"[{'message': 'Cannot find specified user.', 'code': 108}]"
2018-05-16 10:38:13,812 ERROR b"[{'message': 'You have already retweeted this Tweet.', 'code': 327}]"
2018-05-16 10:38:14,043 ERROR b"[{'message': 'You have already retweeted this Tweet.', 'code': 327}]"
2018-05-16 10:38:14,288 ERROR b"[{'message': 'You have already retweeted this Tweet.', 'code': 327}]"
2018-05-16 10:38:14,674 INFO Tweet random stuff
2018-05-16 10:38:15,002 INFO Follow author :  @kijooki
2018-05-16 10:38:15,221 ERROR b"[{'message': 'Cannot find specified user.', 'code': 108}]"
2018-05-16 10:38:15,484 ERROR b"[{'message': 'You have already retweeted this Tweet.', 'code': 327}]"
2018-05-16 10:38:15,849 INFO Tweet random stuff
2018-05-16 10:38:16,134 ERROR b"[{'message': 'You have already retweeted this Tweet.', 'code': 327}]"
2018-05-16 10:38:16,365 ERROR b"[{'message': 'You have already retweeted this Tweet.', 'code': 327}]"
2018-05-16 10:38:16,730 INFO Follow author :  @GaumontToulouse
2018-05-16 10:38:17,087 INFO Follow user : @GaumontToulouse
2018-05-16 10:38:17,309 ERROR b"[{'message': 'You have already retweeted this Tweet.', 'code': 327}]"
2018-05-16 10:38:17,530 ERROR b"[{'message': 'You have already retweeted this Tweet.', 'code': 327}]"
2018-05-16 10:38:17,763 ERROR b"[{'message': 'You have already retweeted this Tweet.', 'code': 327}]"
2018-05-16 10:38:18,206 INFO Tweet random stuff
2018-05-16 10:38:18,558 INFO Follow author :  @ClicherApp
2018-05-16 10:38:18,896 INFO Follow user : @ClicherApp
2018-05-16 10:38:19,251 INFO Follow author :  @FuzeForge
2018-05-16 10:38:19,614 INFO Follow user : @FuzeForge
2018-05-16 10:38:19,852 ERROR b"[{'message': 'Status is a duplicate.', 'code': 187}]"
2018-05-16 10:38:20,220 INFO Follow author :  @prizee_officiel
2018-05-16 10:38:20,576 INFO Follow user : @prizee_officiel
2018-05-16 10:38:20,811 ERROR b"[{'message': 'You have already retweeted this Tweet.', 'code': 327}]"
2018-05-16 10:38:21,052 ERROR b"[{'message': 'You have already retweeted this Tweet.', 'code': 327}]"
2018-05-16 10:38:21,490 INFO Follow author :  @XboxSquadFr
2018-05-16 10:38:21,850 INFO Follow user : @XboxSquadFr
2018-05-16 10:38:22,219 INFO Tweet random stuff
2018-05-16 10:38:22,776 INFO Follow author :  @AnthonySpault
2018-05-16 10:38:23,143 INFO Follow user : @AnthonySpault
2018-05-16 10:38:23,369 ERROR b"[{'message': 'Tweet needs to be a bit shorter.', 'code': 186}]"
2018-05-16 10:38:23,744 INFO Follow author :  @XboxSquadFr
2018-05-16 10:38:24,165 INFO Follow user : @XboxSquadFr
2018-05-16 10:38:24,385 ERROR b"[{'message': 'You have already retweeted this Tweet.', 'code': 327}]"
2018-05-16 10:38:24,603 ERROR b"[{'message': 'Status is a duplicate.', 'code': 187}]"
2018-05-16 10:38:24,839 ERROR b"[{'message': 'You have already retweeted this Tweet.', 'code': 327}]"
2018-05-16 10:38:25,054 ERROR b"[{'message': 'Status is a duplicate.', 'code': 187}]"
2018-05-16 10:38:25,379 INFO Tweet random stuff
2018-05-16 10:38:25,607 ERROR b"[{'message': 'You have already retweeted this Tweet.', 'code': 327}]"
2018-05-16 10:38:25,950 INFO Follow author :  @AnthonySpault
2018-05-16 10:38:26,309 INFO Follow user : @AnthonySpault
2018-05-16 10:38:26,610 INFO Tweet random stuff
2018-05-16 10:38:26,996 INFO Tweet random stuff
2018-05-16 10:38:27,337 INFO Follow author :  @kijooki
2018-05-16 10:38:27,545 ERROR b"[{'message': 'Cannot find specified user.', 'code': 108}]"
2018-05-16 10:38:54,370 INFO Let's go slepping for a while
